Partition Merge report for Lab3_VO_Thomas
Sat Mar 15 23:53:19 2025
Quartus Prime Version 23.1std.1 Build 993 05/14/2024 SC Lite Edition


---------------------
; Table of Contents ;
---------------------
  1. Legal Notice
  2. Partition Merge Summary
  3. Partition Merge Netlist Types Used
  4. Partition Merge Partition Statistics
  5. Partition Merge Partition Pin Processing
  6. Partition Merge Resource Usage Summary
  7. Partition Merge Messages



----------------
; Legal Notice ;
----------------
Copyright (C) 2024  Intel Corporation. All rights reserved.
Your use of Intel Corporation's design tools, logic functions 
and other software and tools, and any partner logic 
functions, and any output files from any of the foregoing 
(including device programming or simulation files), and any 
associated documentation or information are expressly subject 
to the terms and conditions of the Intel Program License 
Subscription Agreement, the Intel Quartus Prime License Agreement,
the Intel FPGA IP License Agreement, or other applicable license
agreement, including, without limitation, that your use is for
the sole purpose of programming logic devices manufactured by
Intel and sold by Intel or its authorized distributors.  Please
refer to the applicable agreement for further details, at
https://fpgasoftware.intel.com/eula.



+----------------------------------------------------------------------------------+
; Partition Merge Summary                                                          ;
+---------------------------------+------------------------------------------------+
; Partition Merge Status          ; Successful - Sat Mar 15 23:53:19 2025          ;
; Quartus Prime Version           ; 23.1std.1 Build 993 05/14/2024 SC Lite Edition ;
; Revision Name                   ; Lab3_VO_Thomas                                 ;
; Top-level Entity Name           ; Lab3_VO_Thomas                                 ;
; Family                          ; Cyclone V                                      ;
; Logic utilization (in ALMs)     ; N/A                                            ;
; Total registers                 ; 83                                             ;
; Total pins                      ; 59                                             ;
; Total virtual pins              ; 0                                              ;
; Total block memory bits         ; 0                                              ;
; Total DSP Blocks                ; 0                                              ;
; Total HSSI RX PCSs              ; 0                                              ;
; Total HSSI PMA RX Deserializers ; 0                                              ;
; Total HSSI TX PCSs              ; 0                                              ;
; Total HSSI PMA TX Serializers   ; 0                                              ;
; Total PLLs                      ; 0                                              ;
; Total DLLs                      ; 0                                              ;
+---------------------------------+------------------------------------------------+


+-------------------------------------------------------------------------------------------------------------------------------+
; Partition Merge Netlist Types Used                                                                                            ;
+--------------------------------+----------------+-------------------+------------------------+--------------------------------+
; Partition Name                 ; Partition Type ; Netlist Type Used ; Netlist Type Requested ; Partition Contents             ;
+--------------------------------+----------------+-------------------+------------------------+--------------------------------+
; Top                            ; User-created   ; Source File       ; Source File            ;                                ;
; hard_block:auto_generated_inst ; Auto-generated ; Source File       ; Source File            ; hard_block:auto_generated_inst ;
+--------------------------------+----------------+-------------------+------------------------+--------------------------------+


+-------------------------------------------------------------------------------------+
; Partition Merge Partition Statistics                                                ;
+---------------------------------------------+------+--------------------------------+
; Statistic                                   ; Top  ; hard_block:auto_generated_inst ;
+---------------------------------------------+------+--------------------------------+
; Estimate of Logic utilization (ALMs needed) ; 122  ; 0                              ;
;                                             ;      ;                                ;
; Combinational ALUT usage for logic          ; 243  ; 0                              ;
;     -- 7 input functions                    ; 3    ; 0                              ;
;     -- 6 input functions                    ; 20   ; 0                              ;
;     -- 5 input functions                    ; 19   ; 0                              ;
;     -- 4 input functions                    ; 57   ; 0                              ;
;     -- <=3 input functions                  ; 144  ; 0                              ;
; Memory ALUT usage                           ; 0    ; 0                              ;
;     -- 64-address deep                      ; 0    ; 0                              ;
;     -- 32-address deep                      ; 0    ; 0                              ;
;                                             ;      ;                                ;
; Dedicated logic registers                   ; 83   ; 0                              ;
;                                             ;      ;                                ;
;                                             ;      ;                                ;
; I/O pins                                    ; 59   ; 0                              ;
; I/O registers                               ; 0    ; 0                              ;
; Total block memory bits                     ; 0    ; 0                              ;
; Total block memory implementation bits      ; 0    ; 0                              ;
;                                             ;      ;                                ;
; Connections                                 ;      ;                                ;
;     -- Input Connections                    ; 0    ; 0                              ;
;     -- Registered Input Connections         ; 0    ; 0                              ;
;     -- Output Connections                   ; 0    ; 0                              ;
;     -- Registered Output Connections        ; 0    ; 0                              ;
;                                             ;      ;                                ;
; Internal Connections                        ;      ;                                ;
;     -- Total Connections                    ; 1172 ; 0                              ;
;     -- Registered Connections               ; 433  ; 0                              ;
;                                             ;      ;                                ;
; External Connections                        ;      ;                                ;
;     -- Top                                  ; 0    ; 0                              ;
;     -- hard_block:auto_generated_inst       ; 0    ; 0                              ;
;                                             ;      ;                                ;
; Partition Interface                         ;      ;                                ;
;     -- Input Ports                          ; 13   ; 0                              ;
;     -- Output Ports                         ; 46   ; 0                              ;
;     -- Bidir Ports                          ; 0    ; 0                              ;
;                                             ;      ;                                ;
; Registered Ports                            ;      ;                                ;
;     -- Registered Input Ports               ; 0    ; 0                              ;
;     -- Registered Output Ports              ; 0    ; 0                              ;
;                                             ;      ;                                ;
; Port Connectivity                           ;      ;                                ;
;     -- Input Ports driven by GND            ; 0    ; 0                              ;
;     -- Output Ports driven by GND           ; 0    ; 0                              ;
;     -- Input Ports driven by VCC            ; 0    ; 0                              ;
;     -- Output Ports driven by VCC           ; 0    ; 0                              ;
;     -- Input Ports with no Source           ; 0    ; 0                              ;
;     -- Output Ports with no Source          ; 0    ; 0                              ;
;     -- Input Ports with no Fanout           ; 0    ; 0                              ;
;     -- Output Ports with no Fanout          ; 0    ; 0                              ;
+---------------------------------------------+------+--------------------------------+
Note: Resource usage numbers presented for Partitions containing post-synthesis logic are estimates.  For Partitions containing post-fit logic, resource usage numbers are accurate based on previous placement information.  Actual Fitter results may vary depending on current Fitter Preservation Level assignments.


+--------------------------------------------------------------------------------------+
; Partition Merge Partition Pin Processing                                             ;
+---------------------------------+-----------+---------------+----------+-------------+
; Name                            ; Partition ; Type          ; Location ; Status      ;
+---------------------------------+-----------+---------------+----------+-------------+
; NmatchLED                       ; Top       ; Output Port   ; n/a      ;             ;
;     -- NmatchLED                ; Top       ; Output Pad    ; Unplaced ; Synthesized ;
;     -- NmatchLED~output         ; Top       ; Output Buffer ; Unplaced ; Synthesized ;
;                                 ;           ;               ;          ;             ;
; P1[0]                           ; Top       ; Output Port   ; n/a      ;             ;
;     -- P1[0]                    ; Top       ; Output Pad    ; Unplaced ; Synthesized ;
;     -- P1[0]~output             ; Top       ; Output Buffer ; Unplaced ; Synthesized ;
;                                 ;           ;               ;          ;             ;
; P1[1]                           ; Top       ; Output Port   ; n/a      ;             ;
;     -- P1[1]                    ; Top       ; Output Pad    ; Unplaced ; Synthesized ;
;     -- P1[1]~output             ; Top       ; Output Buffer ; Unplaced ; Synthesized ;
;                                 ;           ;               ;          ;             ;
; P1[2]                           ; Top       ; Output Port   ; n/a      ;             ;
;     -- P1[2]                    ; Top       ; Output Pad    ; Unplaced ; Synthesized ;
;     -- P1[2]~output             ; Top       ; Output Buffer ; Unplaced ; Synthesized ;
;                                 ;           ;               ;          ;             ;
; P1[3]                           ; Top       ; Output Port   ; n/a      ;             ;
;     -- P1[3]                    ; Top       ; Output Pad    ; Unplaced ; Synthesized ;
;     -- P1[3]~output             ; Top       ; Output Buffer ; Unplaced ; Synthesized ;
;                                 ;           ;               ;          ;             ;
; P1[4]                           ; Top       ; Output Port   ; n/a      ;             ;
;     -- P1[4]                    ; Top       ; Output Pad    ; Unplaced ; Synthesized ;
;     -- P1[4]~output             ; Top       ; Output Buffer ; Unplaced ; Synthesized ;
;                                 ;           ;               ;          ;             ;
; P1[5]                           ; Top       ; Output Port   ; n/a      ;             ;
;     -- P1[5]                    ; Top       ; Output Pad    ; Unplaced ; Synthesized ;
;     -- P1[5]~output             ; Top       ; Output Buffer ; Unplaced ; Synthesized ;
;                                 ;           ;               ;          ;             ;
; P1[6]                           ; Top       ; Output Port   ; n/a      ;             ;
;     -- P1[6]                    ; Top       ; Output Pad    ; Unplaced ; Synthesized ;
;     -- P1[6]~output             ; Top       ; Output Buffer ; Unplaced ; Synthesized ;
;                                 ;           ;               ;          ;             ;
; RNG[0]                          ; Top       ; Output Port   ; n/a      ;             ;
;     -- RNG[0]                   ; Top       ; Output Pad    ; Unplaced ; Synthesized ;
;     -- RNG[0]~output            ; Top       ; Output Buffer ; Unplaced ; Synthesized ;
;                                 ;           ;               ;          ;             ;
; RNG[1]                          ; Top       ; Output Port   ; n/a      ;             ;
;     -- RNG[1]                   ; Top       ; Output Pad    ; Unplaced ; Synthesized ;
;     -- RNG[1]~output            ; Top       ; Output Buffer ; Unplaced ; Synthesized ;
;                                 ;           ;               ;          ;             ;
; RNG[2]                          ; Top       ; Output Port   ; n/a      ;             ;
;     -- RNG[2]                   ; Top       ; Output Pad    ; Unplaced ; Synthesized ;
;     -- RNG[2]~output            ; Top       ; Output Buffer ; Unplaced ; Synthesized ;
;                                 ;           ;               ;          ;             ;
; RNG[3]                          ; Top       ; Output Port   ; n/a      ;             ;
;     -- RNG[3]                   ; Top       ; Output Pad    ; Unplaced ; Synthesized ;
;     -- RNG[3]~output            ; Top       ; Output Buffer ; Unplaced ; Synthesized ;
;                                 ;           ;               ;          ;             ;
; RNG[4]                          ; Top       ; Output Port   ; n/a      ;             ;
;     -- RNG[4]                   ; Top       ; Output Pad    ; Unplaced ; Synthesized ;
;     -- RNG[4]~output            ; Top       ; Output Buffer ; Unplaced ; Synthesized ;
;                                 ;           ;               ;          ;             ;
; RNG[5]                          ; Top       ; Output Port   ; n/a      ;             ;
;     -- RNG[5]                   ; Top       ; Output Pad    ; Unplaced ; Synthesized ;
;     -- RNG[5]~output            ; Top       ; Output Buffer ; Unplaced ; Synthesized ;
;                                 ;           ;               ;          ;             ;
; RNG[6]                          ; Top       ; Output Port   ; n/a      ;             ;
;     -- RNG[6]                   ; Top       ; Output Pad    ; Unplaced ; Synthesized ;
;     -- RNG[6]~output            ; Top       ; Output Buffer ; Unplaced ; Synthesized ;
;                                 ;           ;               ;          ;             ;
; clk                             ; Top       ; Input Port    ; n/a      ;             ;
;     -- clk                      ; Top       ; Input Pad     ; Unplaced ; Synthesized ;
;     -- clk~input                ; Top       ; Input Buffer  ; Unplaced ; Synthesized ;
;                                 ;           ;               ;          ;             ;
; logInLED                        ; Top       ; Output Port   ; n/a      ;             ;
;     -- logInLED                 ; Top       ; Output Pad    ; Unplaced ; Synthesized ;
;     -- logInLED~output          ; Top       ; Output Buffer ; Unplaced ; Synthesized ;
;                                 ;           ;               ;          ;             ;
; logoutLED                       ; Top       ; Output Port   ; n/a      ;             ;
;     -- logoutLED                ; Top       ; Output Pad    ; Unplaced ; Synthesized ;
;     -- logoutLED~output         ; Top       ; Output Buffer ; Unplaced ; Synthesized ;
;                                 ;           ;               ;          ;             ;
; matchLED                        ; Top       ; Output Port   ; n/a      ;             ;
;     -- matchLED                 ; Top       ; Output Pad    ; Unplaced ; Synthesized ;
;     -- matchLED~output          ; Top       ; Output Buffer ; Unplaced ; Synthesized ;
;                                 ;           ;               ;          ;             ;
; p1_button                       ; Top       ; Input Port    ; n/a      ;             ;
;     -- p1_button                ; Top       ; Input Pad     ; Unplaced ; Synthesized ;
;     -- p1_button~input          ; Top       ; Input Buffer  ; Unplaced ; Synthesized ;
;                                 ;           ;               ;          ;             ;
; p1_input[0]                     ; Top       ; Input Port    ; n/a      ;             ;
;     -- p1_input[0]              ; Top       ; Input Pad     ; Unplaced ; Synthesized ;
;     -- p1_input[0]~input        ; Top       ; Input Buffer  ; Unplaced ; Synthesized ;
;                                 ;           ;               ;          ;             ;
; p1_input[1]                     ; Top       ; Input Port    ; n/a      ;             ;
;     -- p1_input[1]              ; Top       ; Input Pad     ; Unplaced ; Synthesized ;
;     -- p1_input[1]~input        ; Top       ; Input Buffer  ; Unplaced ; Synthesized ;
;                                 ;           ;               ;          ;             ;
; p1_input[2]                     ; Top       ; Input Port    ; n/a      ;             ;
;     -- p1_input[2]              ; Top       ; Input Pad     ; Unplaced ; Synthesized ;
;     -- p1_input[2]~input        ; Top       ; Input Buffer  ; Unplaced ; Synthesized ;
;                                 ;           ;               ;          ;             ;
; p1_input[3]                     ; Top       ; Input Port    ; n/a      ;             ;
;     -- p1_input[3]              ; Top       ; Input Pad     ; Unplaced ; Synthesized ;
;     -- p1_input[3]~input        ; Top       ; Input Buffer  ; Unplaced ; Synthesized ;
;                                 ;           ;               ;          ;             ;
; pass_button                     ; Top       ; Input Port    ; n/a      ;             ;
;     -- pass_button              ; Top       ; Input Pad     ; Unplaced ; Synthesized ;
;     -- pass_button~input        ; Top       ; Input Buffer  ; Unplaced ; Synthesized ;
;                                 ;           ;               ;          ;             ;
; pass_input[0]                   ; Top       ; Input Port    ; n/a      ;             ;
;     -- pass_input[0]            ; Top       ; Input Pad     ; Unplaced ; Synthesized ;
;     -- pass_input[0]~input      ; Top       ; Input Buffer  ; Unplaced ; Synthesized ;
;                                 ;           ;               ;          ;             ;
; pass_input[1]                   ; Top       ; Input Port    ; n/a      ;             ;
;     -- pass_input[1]            ; Top       ; Input Pad     ; Unplaced ; Synthesized ;
;     -- pass_input[1]~input      ; Top       ; Input Buffer  ; Unplaced ; Synthesized ;
;                                 ;           ;               ;          ;             ;
; pass_input[2]                   ; Top       ; Input Port    ; n/a      ;             ;
;     -- pass_input[2]            ; Top       ; Input Pad     ; Unplaced ; Synthesized ;
;     -- pass_input[2]~input      ; Top       ; Input Buffer  ; Unplaced ; Synthesized ;
;                                 ;           ;               ;          ;             ;
; pass_input[3]                   ; Top       ; Input Port    ; n/a      ;             ;
;     -- pass_input[3]            ; Top       ; Input Pad     ; Unplaced ; Synthesized ;
;     -- pass_input[3]~input      ; Top       ; Input Buffer  ; Unplaced ; Synthesized ;
;                                 ;           ;               ;          ;             ;
; rng_button                      ; Top       ; Input Port    ; n/a      ;             ;
;     -- rng_button               ; Top       ; Input Pad     ; Unplaced ; Synthesized ;
;     -- rng_button~input         ; Top       ; Input Buffer  ; Unplaced ; Synthesized ;
;                                 ;           ;               ;          ;             ;
; rst                             ; Top       ; Input Port    ; n/a      ;             ;
;     -- rst                      ; Top       ; Input Pad     ; Unplaced ; Synthesized ;
;     -- rst~input                ; Top       ; Input Buffer  ; Unplaced ; Synthesized ;
;                                 ;           ;               ;          ;             ;
; score_tens[0]                   ; Top       ; Output Port   ; n/a      ;             ;
;     -- score_tens[0]            ; Top       ; Output Pad    ; Unplaced ; Synthesized ;
;     -- score_tens[0]~output     ; Top       ; Output Buffer ; Unplaced ; Synthesized ;
;                                 ;           ;               ;          ;             ;
; score_tens[1]                   ; Top       ; Output Port   ; n/a      ;             ;
;     -- score_tens[1]            ; Top       ; Output Pad    ; Unplaced ; Synthesized ;
;     -- score_tens[1]~output     ; Top       ; Output Buffer ; Unplaced ; Synthesized ;
;                                 ;           ;               ;          ;             ;
; score_tens[2]                   ; Top       ; Output Port   ; n/a      ;             ;
;     -- score_tens[2]            ; Top       ; Output Pad    ; Unplaced ; Synthesized ;
;     -- score_tens[2]~output     ; Top       ; Output Buffer ; Unplaced ; Synthesized ;
;                                 ;           ;               ;          ;             ;
; score_tens[3]                   ; Top       ; Output Port   ; n/a      ;             ;
;     -- score_tens[3]            ; Top       ; Output Pad    ; Unplaced ; Synthesized ;
;     -- score_tens[3]~output     ; Top       ; Output Buffer ; Unplaced ; Synthesized ;
;                                 ;           ;               ;          ;             ;
; score_tens[4]                   ; Top       ; Output Port   ; n/a      ;             ;
;     -- score_tens[4]            ; Top       ; Output Pad    ; Unplaced ; Synthesized ;
;     -- score_tens[4]~output     ; Top       ; Output Buffer ; Unplaced ; Synthesized ;
;                                 ;           ;               ;          ;             ;
; score_tens[5]                   ; Top       ; Output Port   ; n/a      ;             ;
;     -- score_tens[5]            ; Top       ; Output Pad    ; Unplaced ; Synthesized ;
;     -- score_tens[5]~output     ; Top       ; Output Buffer ; Unplaced ; Synthesized ;
;                                 ;           ;               ;          ;             ;
; score_tens[6]                   ; Top       ; Output Port   ; n/a      ;             ;
;     -- score_tens[6]            ; Top       ; Output Pad    ; Unplaced ; Synthesized ;
;     -- score_tens[6]~output     ; Top       ; Output Buffer ; Unplaced ; Synthesized ;
;                                 ;           ;               ;          ;             ;
; sum_score_ones[0]               ; Top       ; Output Port   ; n/a      ;             ;
;     -- sum_score_ones[0]        ; Top       ; Output Pad    ; Unplaced ; Synthesized ;
;     -- sum_score_ones[0]~output ; Top       ; Output Buffer ; Unplaced ; Synthesized ;
;                                 ;           ;               ;          ;             ;
; sum_score_ones[1]               ; Top       ; Output Port   ; n/a      ;             ;
;     -- sum_score_ones[1]        ; Top       ; Output Pad    ; Unplaced ; Synthesized ;
;     -- sum_score_ones[1]~output ; Top       ; Output Buffer ; Unplaced ; Synthesized ;
;                                 ;           ;               ;          ;             ;
; sum_score_ones[2]               ; Top       ; Output Port   ; n/a      ;             ;
;     -- sum_score_ones[2]        ; Top       ; Output Pad    ; Unplaced ; Synthesized ;
;     -- sum_score_ones[2]~output ; Top       ; Output Buffer ; Unplaced ; Synthesized ;
;                                 ;           ;               ;          ;             ;
; sum_score_ones[3]               ; Top       ; Output Port   ; n/a      ;             ;
;     -- sum_score_ones[3]        ; Top       ; Output Pad    ; Unplaced ; Synthesized ;
;     -- sum_score_ones[3]~output ; Top       ; Output Buffer ; Unplaced ; Synthesized ;
;                                 ;           ;               ;          ;             ;
; sum_score_ones[4]               ; Top       ; Output Port   ; n/a      ;             ;
;     -- sum_score_ones[4]        ; Top       ; Output Pad    ; Unplaced ; Synthesized ;
;     -- sum_score_ones[4]~output ; Top       ; Output Buffer ; Unplaced ; Synthesized ;
;                                 ;           ;               ;          ;             ;
; sum_score_ones[5]               ; Top       ; Output Port   ; n/a      ;             ;
;     -- sum_score_ones[5]        ; Top       ; Output Pad    ; Unplaced ; Synthesized ;
;     -- sum_score_ones[5]~output ; Top       ; Output Buffer ; Unplaced ; Synthesized ;
;                                 ;           ;               ;          ;             ;
; sum_score_ones[6]               ; Top       ; Output Port   ; n/a      ;             ;
;     -- sum_score_ones[6]        ; Top       ; Output Pad    ; Unplaced ; Synthesized ;
;     -- sum_score_ones[6]~output ; Top       ; Output Buffer ; Unplaced ; Synthesized ;
;                                 ;           ;               ;          ;             ;
; timer_ones[0]                   ; Top       ; Output Port   ; n/a      ;             ;
;     -- timer_ones[0]            ; Top       ; Output Pad    ; Unplaced ; Synthesized ;
;     -- timer_ones[0]~output     ; Top       ; Output Buffer ; Unplaced ; Synthesized ;
;                                 ;           ;               ;          ;             ;
; timer_ones[1]                   ; Top       ; Output Port   ; n/a      ;             ;
;     -- timer_ones[1]            ; Top       ; Output Pad    ; Unplaced ; Synthesized ;
;     -- timer_ones[1]~output     ; Top       ; Output Buffer ; Unplaced ; Synthesized ;
;                                 ;           ;               ;          ;             ;
; timer_ones[2]                   ; Top       ; Output Port   ; n/a      ;             ;
;     -- timer_ones[2]            ; Top       ; Output Pad    ; Unplaced ; Synthesized ;
;     -- timer_ones[2]~output     ; Top       ; Output Buffer ; Unplaced ; Synthesized ;
;                                 ;           ;               ;          ;             ;
; timer_ones[3]                   ; Top       ; Output Port   ; n/a      ;             ;
;     -- timer_ones[3]            ; Top       ; Output Pad    ; Unplaced ; Synthesized ;
;     -- timer_ones[3]~output     ; Top       ; Output Buffer ; Unplaced ; Synthesized ;
;                                 ;           ;               ;          ;             ;
; timer_ones[4]                   ; Top       ; Output Port   ; n/a      ;             ;
;     -- timer_ones[4]            ; Top       ; Output Pad    ; Unplaced ; Synthesized ;
;     -- timer_ones[4]~output     ; Top       ; Output Buffer ; Unplaced ; Synthesized ;
;                                 ;           ;               ;          ;             ;
; timer_ones[5]                   ; Top       ; Output Port   ; n/a      ;             ;
;     -- timer_ones[5]            ; Top       ; Output Pad    ; Unplaced ; Synthesized ;
;     -- timer_ones[5]~output     ; Top       ; Output Buffer ; Unplaced ; Synthesized ;
;                                 ;           ;               ;          ;             ;
; timer_ones[6]                   ; Top       ; Output Port   ; n/a      ;             ;
;     -- timer_ones[6]            ; Top       ; Output Pad    ; Unplaced ; Synthesized ;
;     -- timer_ones[6]~output     ; Top       ; Output Buffer ; Unplaced ; Synthesized ;
;                                 ;           ;               ;          ;             ;
; timer_tens[0]                   ; Top       ; Output Port   ; n/a      ;             ;
;     -- timer_tens[0]            ; Top       ; Output Pad    ; Unplaced ; Synthesized ;
;     -- timer_tens[0]~output     ; Top       ; Output Buffer ; Unplaced ; Synthesized ;
;                                 ;           ;               ;          ;             ;
; timer_tens[1]                   ; Top       ; Output Port   ; n/a      ;             ;
;     -- timer_tens[1]            ; Top       ; Output Pad    ; Unplaced ; Synthesized ;
;     -- timer_tens[1]~output     ; Top       ; Output Buffer ; Unplaced ; Synthesized ;
;                                 ;           ;               ;          ;             ;
; timer_tens[2]                   ; Top       ; Output Port   ; n/a      ;             ;
;     -- timer_tens[2]            ; Top       ; Output Pad    ; Unplaced ; Synthesized ;
;     -- timer_tens[2]~output     ; Top       ; Output Buffer ; Unplaced ; Synthesized ;
;                                 ;           ;               ;          ;             ;
; timer_tens[3]                   ; Top       ; Output Port   ; n/a      ;             ;
;     -- timer_tens[3]            ; Top       ; Output Pad    ; Unplaced ; Synthesized ;
;     -- timer_tens[3]~output     ; Top       ; Output Buffer ; Unplaced ; Synthesized ;
;                                 ;           ;               ;          ;             ;
; timer_tens[4]                   ; Top       ; Output Port   ; n/a      ;             ;
;     -- timer_tens[4]            ; Top       ; Output Pad    ; Unplaced ; Synthesized ;
;     -- timer_tens[4]~output     ; Top       ; Output Buffer ; Unplaced ; Synthesized ;
;                                 ;           ;               ;          ;             ;
; timer_tens[5]                   ; Top       ; Output Port   ; n/a      ;             ;
;     -- timer_tens[5]            ; Top       ; Output Pad    ; Unplaced ; Synthesized ;
;     -- timer_tens[5]~output     ; Top       ; Output Buffer ; Unplaced ; Synthesized ;
;                                 ;           ;               ;          ;             ;
; timer_tens[6]                   ; Top       ; Output Port   ; n/a      ;             ;
;     -- timer_tens[6]            ; Top       ; Output Pad    ; Unplaced ; Synthesized ;
;     -- timer_tens[6]~output     ; Top       ; Output Buffer ; Unplaced ; Synthesized ;
;                                 ;           ;               ;          ;             ;
+---------------------------------+-----------+---------------+----------+-------------+


+---------------------------------------------------------+
; Partition Merge Resource Usage Summary                  ;
+---------------------------------------------+-----------+
; Resource                                    ; Usage     ;
+---------------------------------------------+-----------+
; Estimate of Logic utilization (ALMs needed) ; 134       ;
;                                             ;           ;
; Combinational ALUT usage for logic          ; 243       ;
;     -- 7 input functions                    ; 3         ;
;     -- 6 input functions                    ; 20        ;
;     -- 5 input functions                    ; 19        ;
;     -- 4 input functions                    ; 57        ;
;     -- <=3 input functions                  ; 144       ;
;                                             ;           ;
; Dedicated logic registers                   ; 83        ;
;                                             ;           ;
; I/O pins                                    ; 59        ;
;                                             ;           ;
; Total DSP Blocks                            ; 0         ;
;                                             ;           ;
; Maximum fan-out node                        ; clk~input ;
; Maximum fan-out                             ; 83        ;
; Total fan-out                               ; 1164      ;
; Average fan-out                             ; 2.62      ;
+---------------------------------------------+-----------+


+--------------------------+
; Partition Merge Messages ;
+--------------------------+
Info: *******************************************************************
Info: Running Quartus Prime Partition Merge
    Info: Version 23.1std.1 Build 993 05/14/2024 SC Lite Edition
    Info: Processing started: Sat Mar 15 23:53:19 2025
Info: Command: quartus_cdb --read_settings_files=off --write_settings_files=off Lab3_VO_Thomas -c Lab3_VO_Thomas --merge=on
Warning (18236): Number of processors has not been specified which may cause overloading on shared machines.  Set the global assignment NUM_PARALLEL_PROCESSORS in your QSF to an appropriate value for best performance.
Critical Warning (138067): Current license file does not support incremental compilation. The Quartus Prime software removes all the user-specified design partitions in the design automatically.
Info (35007): Using synthesis netlist for partition "Top"
Info (35002): Resolved and merged 1 partition(s)
Info (16010): Generating hard_block partition "hard_block:auto_generated_inst"
    Info (16011): Adding 0 node(s), including 0 DDIO, 0 PLL, 0 transceiver and 0 LCELL
Critical Warning (138067): Current license file does not support incremental compilation. The Quartus Prime software removes all the user-specified design partitions in the design automatically.
Info (21057): Implemented 304 device resources after synthesis - the final resource count might be different
    Info (21058): Implemented 13 input pins
    Info (21059): Implemented 46 output pins
    Info (21061): Implemented 245 logic cells
Info: Quartus Prime Partition Merge was successful. 0 errors, 3 warnings
    Info: Peak virtual memory: 4748 megabytes
    Info: Processing ended: Sat Mar 15 23:53:19 2025
    Info: Elapsed time: 00:00:00
    Info: Total CPU time (on all processors): 00:00:00


